11-10 18:10:26 com_github_MitjaNemec_Archive3DModels.action_archive_3d_models 220:Plugin executed on: 'win32'
11-10 18:10:26 com_github_MitjaNemec_Archive3DModels.action_archive_3d_models 221:Plugin executed with python version: '3.11.5 (main, Aug 14 2024, 05:26:19) [MSC v.1939 64 bit (AMD64)]'
11-10 18:10:26 com_github_MitjaNemec_Archive3DModels.action_archive_3d_models 222:KiCad build version: 8.0.5
11-10 18:10:26 com_github_MitjaNemec_Archive3DModels.action_archive_3d_models 223:Plugin version: 1.0.12

11-10 18:10:26 com_github_MitjaNemec_Archive3DModels.action_archive_3d_models 228:Screen sizes: [wx.Size(1920, 1080)]
11-10 18:10:26 com_github_MitjaNemec_Archive3DModels.action_archive_3d_models 235:Dialog size: wx.Size(213, 81)
11-10 18:10:26 com_github_MitjaNemec_Archive3DModels.action_archive_3d_models 237:Char size: 20
11-10 18:10:27 com_github_MitjaNemec_Archive3DModels.archive_3d_models 26:Starting to archive 3D models
11-10 18:10:27 com_github_MitjaNemec_Archive3DModels.archive_3d_models 47:Getting 3D models for footprint of: L1
11-10 18:10:27 com_github_MitjaNemec_Archive3DModels.archive_3d_models 59:Trying to copy: ${KIPRJMOD}/packages3D/toroidal choke coil.STEP
11-10 18:10:27 com_github_MitjaNemec_Archive3DModels.archive_3d_models 139:Remapping: ${KIPRJMOD}/packages3D/toroidal choke coil.STEP
11-10 18:10:27 com_github_MitjaNemec_Archive3DModels.archive_3d_models 47:Getting 3D models for footprint of: J14
11-10 18:10:27 com_github_MitjaNemec_Archive3DModels.archive_3d_models 59:Trying to copy: ${KIPRJMOD}/packages3D/JST_EH_B2B-EH-A_1x02_P2.50mm_Vertical.wrl
11-10 18:10:27 com_github_MitjaNemec_Archive3DModels.archive_3d_models 139:Remapping: ${KIPRJMOD}/packages3D/JST_EH_B2B-EH-A_1x02_P2.50mm_Vertical.wrl
11-10 18:10:27 com_github_MitjaNemec_Archive3DModels.archive_3d_models 47:Getting 3D models for footprint of: C7
11-10 18:10:27 com_github_MitjaNemec_Archive3DModels.archive_3d_models 59:Trying to copy: ${KIPRJMOD}/packages3D/CP_Radial_D12.5mm_P5.00mm.wrl
11-10 18:10:27 com_github_MitjaNemec_Archive3DModels.archive_3d_models 139:Remapping: ${KIPRJMOD}/packages3D/CP_Radial_D12.5mm_P5.00mm.wrl
11-10 18:10:27 com_github_MitjaNemec_Archive3DModels.archive_3d_models 47:Getting 3D models for footprint of: J20
11-10 18:10:27 com_github_MitjaNemec_Archive3DModels.archive_3d_models 59:Trying to copy: ${KIPRJMOD}/packages3D/Pin_D1.3mm_L11.3mm_W2.8mm_Flat.wrl
11-10 18:10:27 com_github_MitjaNemec_Archive3DModels.archive_3d_models 139:Remapping: ${KIPRJMOD}/packages3D/Pin_D1.3mm_L11.3mm_W2.8mm_Flat.wrl
11-10 18:10:27 com_github_MitjaNemec_Archive3DModels.archive_3d_models 47:Getting 3D models for footprint of: J6
11-10 18:10:27 com_github_MitjaNemec_Archive3DModels.archive_3d_models 47:Getting 3D models for footprint of: J12
11-10 18:10:27 com_github_MitjaNemec_Archive3DModels.archive_3d_models 59:Trying to copy: ${KIPRJMOD}/packages3D/PinSocket_1x04_P2.54mm_Vertical.wrl
11-10 18:10:27 com_github_MitjaNemec_Archive3DModels.archive_3d_models 139:Remapping: ${KIPRJMOD}/packages3D/PinSocket_1x04_P2.54mm_Vertical.wrl
11-10 18:10:27 com_github_MitjaNemec_Archive3DModels.archive_3d_models 47:Getting 3D models for footprint of: J5
11-10 18:10:27 com_github_MitjaNemec_Archive3DModels.archive_3d_models 59:Trying to copy: ${KIPRJMOD}/packages3D/PinSocket_1x04_P2.54mm_Vertical.wrl
11-10 18:10:27 com_github_MitjaNemec_Archive3DModels.archive_3d_models 139:Remapping: ${KIPRJMOD}/packages3D/PinSocket_1x04_P2.54mm_Vertical.wrl
11-10 18:10:27 com_github_MitjaNemec_Archive3DModels.archive_3d_models 47:Getting 3D models for footprint of: C10
11-10 18:10:27 com_github_MitjaNemec_Archive3DModels.archive_3d_models 59:Trying to copy: ${KIPRJMOD}/packages3D/C_Disc_D4.3mm_W1.9mm_P5.00mm.wrl
11-10 18:10:27 com_github_MitjaNemec_Archive3DModels.archive_3d_models 139:Remapping: ${KIPRJMOD}/packages3D/C_Disc_D4.3mm_W1.9mm_P5.00mm.wrl
11-10 18:10:27 com_github_MitjaNemec_Archive3DModels.archive_3d_models 47:Getting 3D models for footprint of: Q12
11-10 18:10:27 com_github_MitjaNemec_Archive3DModels.archive_3d_models 59:Trying to copy: ${KIPRJMOD}/packages3D/TO-220-3_Vertical.step
11-10 18:10:27 com_github_MitjaNemec_Archive3DModels.archive_3d_models 139:Remapping: ${KIPRJMOD}/packages3D/TO-220-3_Vertical.step
11-10 18:10:27 com_github_MitjaNemec_Archive3DModels.archive_3d_models 47:Getting 3D models for footprint of: J18
11-10 18:10:27 com_github_MitjaNemec_Archive3DModels.archive_3d_models 59:Trying to copy: ${KIPRJMOD}/packages3D/X977T02-7.62.step
11-10 18:10:27 com_github_MitjaNemec_Archive3DModels.archive_3d_models 139:Remapping: ${KIPRJMOD}/packages3D/X977T02-7.62.step
11-10 18:10:27 com_github_MitjaNemec_Archive3DModels.archive_3d_models 47:Getting 3D models for footprint of: D13
11-10 18:10:27 com_github_MitjaNemec_Archive3DModels.archive_3d_models 59:Trying to copy: ${KIPRJMOD}/packages3D/D_A-405_P10.16mm_Horizontal.wrl
11-10 18:10:27 com_github_MitjaNemec_Archive3DModels.archive_3d_models 139:Remapping: ${KIPRJMOD}/packages3D/D_A-405_P10.16mm_Horizontal.wrl
11-10 18:10:27 com_github_MitjaNemec_Archive3DModels.archive_3d_models 47:Getting 3D models for footprint of: R11
11-10 18:10:27 com_github_MitjaNemec_Archive3DModels.archive_3d_models 59:Trying to copy: ${KIPRJMOD}/packages3D/R_Axial_DIN0207_L6.3mm_D2.5mm_P10.16mm_Horizontal.wrl
11-10 18:10:27 com_github_MitjaNemec_Archive3DModels.archive_3d_models 139:Remapping: ${KIPRJMOD}/packages3D/R_Axial_DIN0207_L6.3mm_D2.5mm_P10.16mm_Horizontal.wrl
11-10 18:10:27 com_github_MitjaNemec_Archive3DModels.archive_3d_models 47:Getting 3D models for footprint of: C15
11-10 18:10:27 com_github_MitjaNemec_Archive3DModels.archive_3d_models 59:Trying to copy: ${KIPRJMOD}/packages3D/RV_Disc_D12mm_W3.9mm_P7.5mm.wrl
11-10 18:10:27 com_github_MitjaNemec_Archive3DModels.archive_3d_models 139:Remapping: ${KIPRJMOD}/packages3D/RV_Disc_D12mm_W3.9mm_P7.5mm.wrl
11-10 18:10:27 com_github_MitjaNemec_Archive3DModels.archive_3d_models 47:Getting 3D models for footprint of: Q3
11-10 18:10:27 com_github_MitjaNemec_Archive3DModels.archive_3d_models 59:Trying to copy: ${KIPRJMOD}/packages3D/TO-220-3_Vertical.step
11-10 18:10:27 com_github_MitjaNemec_Archive3DModels.archive_3d_models 139:Remapping: ${KIPRJMOD}/packages3D/TO-220-3_Vertical.step
11-10 18:10:27 com_github_MitjaNemec_Archive3DModels.archive_3d_models 47:Getting 3D models for footprint of: C12
11-10 18:10:27 com_github_MitjaNemec_Archive3DModels.archive_3d_models 59:Trying to copy: ${KIPRJMOD}/packages3D/C_Disc_D4.3mm_W1.9mm_P5.00mm.wrl
11-10 18:10:27 com_github_MitjaNemec_Archive3DModels.archive_3d_models 139:Remapping: ${KIPRJMOD}/packages3D/C_Disc_D4.3mm_W1.9mm_P5.00mm.wrl
11-10 18:10:27 com_github_MitjaNemec_Archive3DModels.archive_3d_models 47:Getting 3D models for footprint of: R27
11-10 18:10:27 com_github_MitjaNemec_Archive3DModels.archive_3d_models 59:Trying to copy: ${KIPRJMOD}/packages3D/R_Axial_DIN0207_L6.3mm_D2.5mm_P10.16mm_Horizontal.wrl
11-10 18:10:27 com_github_MitjaNemec_Archive3DModels.archive_3d_models 139:Remapping: ${KIPRJMOD}/packages3D/R_Axial_DIN0207_L6.3mm_D2.5mm_P10.16mm_Horizontal.wrl
11-10 18:10:27 com_github_MitjaNemec_Archive3DModels.archive_3d_models 47:Getting 3D models for footprint of: T1
11-10 18:10:27 com_github_MitjaNemec_Archive3DModels.archive_3d_models 59:Trying to copy: ${KIPRJMOD}/packages3D/PQ3535.STEP
11-10 18:10:27 com_github_MitjaNemec_Archive3DModels.archive_3d_models 139:Remapping: ${KIPRJMOD}/packages3D/PQ3535.STEP
11-10 18:10:27 com_github_MitjaNemec_Archive3DModels.archive_3d_models 47:Getting 3D models for footprint of: J21
11-10 18:10:27 com_github_MitjaNemec_Archive3DModels.archive_3d_models 59:Trying to copy: ${KIPRJMOD}/packages3D/JST_EH_B2B-EH-A_1x02_P2.50mm_Vertical.wrl
11-10 18:10:27 com_github_MitjaNemec_Archive3DModels.archive_3d_models 139:Remapping: ${KIPRJMOD}/packages3D/JST_EH_B2B-EH-A_1x02_P2.50mm_Vertical.wrl
11-10 18:10:27 com_github_MitjaNemec_Archive3DModels.archive_3d_models 47:Getting 3D models for footprint of: J15
11-10 18:10:27 com_github_MitjaNemec_Archive3DModels.archive_3d_models 59:Trying to copy: ${KIPRJMOD}/packages3D/JST_EH_B2B-EH-A_1x02_P2.50mm_Vertical.wrl
11-10 18:10:27 com_github_MitjaNemec_Archive3DModels.archive_3d_models 139:Remapping: ${KIPRJMOD}/packages3D/JST_EH_B2B-EH-A_1x02_P2.50mm_Vertical.wrl
11-10 18:10:27 com_github_MitjaNemec_Archive3DModels.archive_3d_models 47:Getting 3D models for footprint of: Q9
11-10 18:10:27 com_github_MitjaNemec_Archive3DModels.archive_3d_models 59:Trying to copy: ${KIPRJMOD}/packages3D/TO-220-3_Vertical.step
11-10 18:10:27 com_github_MitjaNemec_Archive3DModels.archive_3d_models 139:Remapping: ${KIPRJMOD}/packages3D/TO-220-3_Vertical.step
11-10 18:10:27 com_github_MitjaNemec_Archive3DModels.archive_3d_models 47:Getting 3D models for footprint of: R5
11-10 18:10:27 com_github_MitjaNemec_Archive3DModels.archive_3d_models 59:Trying to copy: ${KIPRJMOD}/packages3D/R_Axial_DIN0207_L6.3mm_D2.5mm_P10.16mm_Horizontal.wrl
11-10 18:10:27 com_github_MitjaNemec_Archive3DModels.archive_3d_models 139:Remapping: ${KIPRJMOD}/packages3D/R_Axial_DIN0207_L6.3mm_D2.5mm_P10.16mm_Horizontal.wrl
11-10 18:10:27 com_github_MitjaNemec_Archive3DModels.archive_3d_models 47:Getting 3D models for footprint of: D9
11-10 18:10:27 com_github_MitjaNemec_Archive3DModels.archive_3d_models 59:Trying to copy: ${KIPRJMOD}/packages3D/D_DO-15_P12.70mm_Horizontal.wrl
11-10 18:10:27 com_github_MitjaNemec_Archive3DModels.archive_3d_models 139:Remapping: ${KIPRJMOD}/packages3D/D_DO-15_P12.70mm_Horizontal.wrl
11-10 18:10:27 com_github_MitjaNemec_Archive3DModels.archive_3d_models 47:Getting 3D models for footprint of: C3
11-10 18:10:27 com_github_MitjaNemec_Archive3DModels.archive_3d_models 59:Trying to copy: ${KIPRJMOD}/packages3D/C_Disc_D4.3mm_W1.9mm_P5.00mm.wrl
11-10 18:10:27 com_github_MitjaNemec_Archive3DModels.archive_3d_models 139:Remapping: ${KIPRJMOD}/packages3D/C_Disc_D4.3mm_W1.9mm_P5.00mm.wrl
11-10 18:10:27 com_github_MitjaNemec_Archive3DModels.archive_3d_models 47:Getting 3D models for footprint of: D11
11-10 18:10:27 com_github_MitjaNemec_Archive3DModels.archive_3d_models 59:Trying to copy: ${KIPRJMOD}/packages3D/D_A-405_P10.16mm_Horizontal.wrl
11-10 18:10:27 com_github_MitjaNemec_Archive3DModels.archive_3d_models 139:Remapping: ${KIPRJMOD}/packages3D/D_A-405_P10.16mm_Horizontal.wrl
11-10 18:10:27 com_github_MitjaNemec_Archive3DModels.archive_3d_models 47:Getting 3D models for footprint of: C14
11-10 18:10:27 com_github_MitjaNemec_Archive3DModels.archive_3d_models 59:Trying to copy: ${KIPRJMOD}/packages3D/C_Rect_L13.5mm_W5.0mm_P10.00mm_FKS3_FKP3_MKS4.wrl
11-10 18:10:27 com_github_MitjaNemec_Archive3DModels.archive_3d_models 139:Remapping: ${KIPRJMOD}/packages3D/C_Rect_L13.5mm_W5.0mm_P10.00mm_FKS3_FKP3_MKS4.wrl
11-10 18:10:27 com_github_MitjaNemec_Archive3DModels.archive_3d_models 47:Getting 3D models for footprint of: C1
11-10 18:10:27 com_github_MitjaNemec_Archive3DModels.archive_3d_models 59:Trying to copy: ${KIPRJMOD}/packages3D/C_Disc_D4.3mm_W1.9mm_P5.00mm.wrl
11-10 18:10:27 com_github_MitjaNemec_Archive3DModels.archive_3d_models 139:Remapping: ${KIPRJMOD}/packages3D/C_Disc_D4.3mm_W1.9mm_P5.00mm.wrl
11-10 18:10:27 com_github_MitjaNemec_Archive3DModels.archive_3d_models 47:Getting 3D models for footprint of: C2
11-10 18:10:27 com_github_MitjaNemec_Archive3DModels.archive_3d_models 59:Trying to copy: ${KIPRJMOD}/packages3D/CP_Radial_D12.5mm_P5.00mm.wrl
11-10 18:10:27 com_github_MitjaNemec_Archive3DModels.archive_3d_models 139:Remapping: ${KIPRJMOD}/packages3D/CP_Radial_D12.5mm_P5.00mm.wrl
11-10 18:10:27 com_github_MitjaNemec_Archive3DModels.archive_3d_models 47:Getting 3D models for footprint of: C20
11-10 18:10:27 com_github_MitjaNemec_Archive3DModels.archive_3d_models 59:Trying to copy: ${KIPRJMOD}/packages3D/CP_Radial_D16.0mm_P7.50mm.wrl
11-10 18:10:27 com_github_MitjaNemec_Archive3DModels.archive_3d_models 139:Remapping: ${KIPRJMOD}/packages3D/CP_Radial_D16.0mm_P7.50mm.wrl
11-10 18:10:27 com_github_MitjaNemec_Archive3DModels.archive_3d_models 47:Getting 3D models for footprint of: F1
11-10 18:10:27 com_github_MitjaNemec_Archive3DModels.archive_3d_models 47:Getting 3D models for footprint of: J7
11-10 18:10:27 com_github_MitjaNemec_Archive3DModels.archive_3d_models 47:Getting 3D models for footprint of: D6
11-10 18:10:27 com_github_MitjaNemec_Archive3DModels.archive_3d_models 59:Trying to copy: ${KIPRJMOD}/packages3D/D_DO-15_P12.70mm_Horizontal.wrl
11-10 18:10:27 com_github_MitjaNemec_Archive3DModels.archive_3d_models 139:Remapping: ${KIPRJMOD}/packages3D/D_DO-15_P12.70mm_Horizontal.wrl
11-10 18:10:27 com_github_MitjaNemec_Archive3DModels.archive_3d_models 47:Getting 3D models for footprint of: D15
11-10 18:10:27 com_github_MitjaNemec_Archive3DModels.archive_3d_models 59:Trying to copy: ${KIPRJMOD}/packages3D/LED_D5.0mm_Clear.wrl
11-10 18:10:27 com_github_MitjaNemec_Archive3DModels.archive_3d_models 139:Remapping: ${KIPRJMOD}/packages3D/LED_D5.0mm_Clear.wrl
11-10 18:10:27 com_github_MitjaNemec_Archive3DModels.archive_3d_models 47:Getting 3D models for footprint of: R13
11-10 18:10:27 com_github_MitjaNemec_Archive3DModels.archive_3d_models 59:Trying to copy: ${KIPRJMOD}/packages3D/R_Axial_DIN0207_L6.3mm_D2.5mm_P10.16mm_Horizontal.wrl
11-10 18:10:27 com_github_MitjaNemec_Archive3DModels.archive_3d_models 139:Remapping: ${KIPRJMOD}/packages3D/R_Axial_DIN0207_L6.3mm_D2.5mm_P10.16mm_Horizontal.wrl
11-10 18:10:27 com_github_MitjaNemec_Archive3DModels.archive_3d_models 47:Getting 3D models for footprint of: J17
11-10 18:10:27 com_github_MitjaNemec_Archive3DModels.archive_3d_models 47:Getting 3D models for footprint of: C13
11-10 18:10:27 com_github_MitjaNemec_Archive3DModels.archive_3d_models 59:Trying to copy: ${KIPRJMOD}/packages3D/CP_Radial_D7.5mm_P2.50mm.wrl
11-10 18:10:27 com_github_MitjaNemec_Archive3DModels.archive_3d_models 139:Remapping: ${KIPRJMOD}/packages3D/CP_Radial_D7.5mm_P2.50mm.wrl
11-10 18:10:27 com_github_MitjaNemec_Archive3DModels.archive_3d_models 47:Getting 3D models for footprint of: R6
11-10 18:10:27 com_github_MitjaNemec_Archive3DModels.archive_3d_models 59:Trying to copy: ${KIPRJMOD}/packages3D/R_Axial_DIN0207_L6.3mm_D2.5mm_P10.16mm_Horizontal.wrl
11-10 18:10:27 com_github_MitjaNemec_Archive3DModels.archive_3d_models 139:Remapping: ${KIPRJMOD}/packages3D/R_Axial_DIN0207_L6.3mm_D2.5mm_P10.16mm_Horizontal.wrl
11-10 18:10:27 com_github_MitjaNemec_Archive3DModels.archive_3d_models 47:Getting 3D models for footprint of: R23
11-10 18:10:27 com_github_MitjaNemec_Archive3DModels.archive_3d_models 59:Trying to copy: ${KIPRJMOD}/packages3D/R_Axial_DIN0207_L6.3mm_D2.5mm_P10.16mm_Horizontal.wrl
11-10 18:10:27 com_github_MitjaNemec_Archive3DModels.archive_3d_models 139:Remapping: ${KIPRJMOD}/packages3D/R_Axial_DIN0207_L6.3mm_D2.5mm_P10.16mm_Horizontal.wrl
11-10 18:10:27 com_github_MitjaNemec_Archive3DModels.archive_3d_models 47:Getting 3D models for footprint of: C25
11-10 18:10:27 com_github_MitjaNemec_Archive3DModels.archive_3d_models 59:Trying to copy: ${KIPRJMOD}/packages3D/C_Disc_D4.3mm_W1.9mm_P5.00mm.wrl
11-10 18:10:27 com_github_MitjaNemec_Archive3DModels.archive_3d_models 139:Remapping: ${KIPRJMOD}/packages3D/C_Disc_D4.3mm_W1.9mm_P5.00mm.wrl
11-10 18:10:27 com_github_MitjaNemec_Archive3DModels.archive_3d_models 47:Getting 3D models for footprint of: Q8
11-10 18:10:27 com_github_MitjaNemec_Archive3DModels.archive_3d_models 59:Trying to copy: ${KIPRJMOD}/packages3D/TO-220-3_Vertical.step
11-10 18:10:27 com_github_MitjaNemec_Archive3DModels.archive_3d_models 139:Remapping: ${KIPRJMOD}/packages3D/TO-220-3_Vertical.step
11-10 18:10:27 com_github_MitjaNemec_Archive3DModels.archive_3d_models 47:Getting 3D models for footprint of: Q6
11-10 18:10:27 com_github_MitjaNemec_Archive3DModels.archive_3d_models 59:Trying to copy: ${KIPRJMOD}/packages3D/TO-220-3_Vertical.step
11-10 18:10:27 com_github_MitjaNemec_Archive3DModels.archive_3d_models 139:Remapping: ${KIPRJMOD}/packages3D/TO-220-3_Vertical.step
11-10 18:10:27 com_github_MitjaNemec_Archive3DModels.archive_3d_models 47:Getting 3D models for footprint of: J1
11-10 18:10:27 com_github_MitjaNemec_Archive3DModels.archive_3d_models 59:Trying to copy: ${KIPRJMOD}/packages3D/TerminalBlock_MetzConnect_360291_1x01_Horizontal_ScrewM3.0_Boxed.wrl
11-10 18:10:27 com_github_MitjaNemec_Archive3DModels.archive_3d_models 135:Did not copy: ${KIPRJMOD}/packages3D/TerminalBlock_MetzConnect_360291_1x01_Horizontal_ScrewM3.0_Boxed.wrl
11-10 18:10:27 com_github_MitjaNemec_Archive3DModels.archive_3d_models 139:Remapping: ${KIPRJMOD}/packages3D/TerminalBlock_MetzConnect_360291_1x01_Horizontal_ScrewM3.0_Boxed.wrl
11-10 18:10:27 com_github_MitjaNemec_Archive3DModels.archive_3d_models 47:Getting 3D models for footprint of: R1
11-10 18:10:27 com_github_MitjaNemec_Archive3DModels.archive_3d_models 59:Trying to copy: ${KIPRJMOD}/packages3D/R_Axial_DIN0207_L6.3mm_D2.5mm_P10.16mm_Horizontal.wrl
11-10 18:10:27 com_github_MitjaNemec_Archive3DModels.archive_3d_models 139:Remapping: ${KIPRJMOD}/packages3D/R_Axial_DIN0207_L6.3mm_D2.5mm_P10.16mm_Horizontal.wrl
11-10 18:10:27 com_github_MitjaNemec_Archive3DModels.archive_3d_models 47:Getting 3D models for footprint of: Q4
11-10 18:10:27 com_github_MitjaNemec_Archive3DModels.archive_3d_models 59:Trying to copy: ${KIPRJMOD}/packages3D/TO-220-3_Vertical.step
11-10 18:10:27 com_github_MitjaNemec_Archive3DModels.archive_3d_models 139:Remapping: ${KIPRJMOD}/packages3D/TO-220-3_Vertical.step
11-10 18:10:27 com_github_MitjaNemec_Archive3DModels.archive_3d_models 47:Getting 3D models for footprint of: R12
11-10 18:10:27 com_github_MitjaNemec_Archive3DModels.archive_3d_models 59:Trying to copy: ${KIPRJMOD}/packages3D/R_Axial_DIN0207_L6.3mm_D2.5mm_P10.16mm_Horizontal.wrl
11-10 18:10:27 com_github_MitjaNemec_Archive3DModels.archive_3d_models 139:Remapping: ${KIPRJMOD}/packages3D/R_Axial_DIN0207_L6.3mm_D2.5mm_P10.16mm_Horizontal.wrl
11-10 18:10:27 com_github_MitjaNemec_Archive3DModels.archive_3d_models 47:Getting 3D models for footprint of: C5
11-10 18:10:27 com_github_MitjaNemec_Archive3DModels.archive_3d_models 59:Trying to copy: ${KIPRJMOD}/packages3D/C_Disc_D4.3mm_W1.9mm_P5.00mm.wrl
11-10 18:10:27 com_github_MitjaNemec_Archive3DModels.archive_3d_models 139:Remapping: ${KIPRJMOD}/packages3D/C_Disc_D4.3mm_W1.9mm_P5.00mm.wrl
11-10 18:10:27 com_github_MitjaNemec_Archive3DModels.archive_3d_models 47:Getting 3D models for footprint of: R18
11-10 18:10:27 com_github_MitjaNemec_Archive3DModels.archive_3d_models 59:Trying to copy: ${KIPRJMOD}/packages3D/R_Axial_DIN0207_L6.3mm_D2.5mm_P10.16mm_Horizontal.wrl
11-10 18:10:27 com_github_MitjaNemec_Archive3DModels.archive_3d_models 139:Remapping: ${KIPRJMOD}/packages3D/R_Axial_DIN0207_L6.3mm_D2.5mm_P10.16mm_Horizontal.wrl
11-10 18:10:27 com_github_MitjaNemec_Archive3DModels.archive_3d_models 47:Getting 3D models for footprint of: R4
11-10 18:10:27 com_github_MitjaNemec_Archive3DModels.archive_3d_models 59:Trying to copy: ${KIPRJMOD}/packages3D/R_Axial_DIN0207_L6.3mm_D2.5mm_P10.16mm_Horizontal.wrl
11-10 18:10:27 com_github_MitjaNemec_Archive3DModels.archive_3d_models 139:Remapping: ${KIPRJMOD}/packages3D/R_Axial_DIN0207_L6.3mm_D2.5mm_P10.16mm_Horizontal.wrl
11-10 18:10:27 com_github_MitjaNemec_Archive3DModels.archive_3d_models 47:Getting 3D models for footprint of: F3
11-10 18:10:27 com_github_MitjaNemec_Archive3DModels.archive_3d_models 59:Trying to copy: ${KIPRJMOD}/packages3D/Fuse_BelFuse_0ZRE_0ZRE0012FF_L8.3mm_W3.8mm.wrl
11-10 18:10:27 com_github_MitjaNemec_Archive3DModels.archive_3d_models 139:Remapping: ${KIPRJMOD}/packages3D/Fuse_BelFuse_0ZRE_0ZRE0012FF_L8.3mm_W3.8mm.wrl
11-10 18:10:27 com_github_MitjaNemec_Archive3DModels.archive_3d_models 47:Getting 3D models for footprint of: C4
11-10 18:10:27 com_github_MitjaNemec_Archive3DModels.archive_3d_models 59:Trying to copy: ${KIPRJMOD}/packages3D/C_Rect_L13.5mm_W5.0mm_P10.00mm_FKS3_FKP3_MKS4.wrl
11-10 18:10:27 com_github_MitjaNemec_Archive3DModels.archive_3d_models 139:Remapping: ${KIPRJMOD}/packages3D/C_Rect_L13.5mm_W5.0mm_P10.00mm_FKS3_FKP3_MKS4.wrl
11-10 18:10:27 com_github_MitjaNemec_Archive3DModels.archive_3d_models 47:Getting 3D models for footprint of: C11
11-10 18:10:27 com_github_MitjaNemec_Archive3DModels.archive_3d_models 59:Trying to copy: ${KIPRJMOD}/packages3D/CP_Radial_D7.5mm_P2.50mm.wrl
11-10 18:10:27 com_github_MitjaNemec_Archive3DModels.archive_3d_models 139:Remapping: ${KIPRJMOD}/packages3D/CP_Radial_D7.5mm_P2.50mm.wrl
11-10 18:10:27 com_github_MitjaNemec_Archive3DModels.archive_3d_models 47:Getting 3D models for footprint of: R17
11-10 18:10:27 com_github_MitjaNemec_Archive3DModels.archive_3d_models 59:Trying to copy: ${KIPRJMOD}/packages3D/R_Axial_DIN0207_L6.3mm_D2.5mm_P10.16mm_Horizontal.wrl
11-10 18:10:27 com_github_MitjaNemec_Archive3DModels.archive_3d_models 139:Remapping: ${KIPRJMOD}/packages3D/R_Axial_DIN0207_L6.3mm_D2.5mm_P10.16mm_Horizontal.wrl
11-10 18:10:27 com_github_MitjaNemec_Archive3DModels.archive_3d_models 47:Getting 3D models for footprint of: Q11
11-10 18:10:27 com_github_MitjaNemec_Archive3DModels.archive_3d_models 59:Trying to copy: ${KIPRJMOD}/packages3D/TO-220-3_Vertical.step
11-10 18:10:27 com_github_MitjaNemec_Archive3DModels.archive_3d_models 139:Remapping: ${KIPRJMOD}/packages3D/TO-220-3_Vertical.step
11-10 18:10:27 com_github_MitjaNemec_Archive3DModels.archive_3d_models 47:Getting 3D models for footprint of: Q10
11-10 18:10:27 com_github_MitjaNemec_Archive3DModels.archive_3d_models 59:Trying to copy: ${KIPRJMOD}/packages3D/TO-220-3_Vertical.step
11-10 18:10:27 com_github_MitjaNemec_Archive3DModels.archive_3d_models 139:Remapping: ${KIPRJMOD}/packages3D/TO-220-3_Vertical.step
11-10 18:10:27 com_github_MitjaNemec_Archive3DModels.archive_3d_models 47:Getting 3D models for footprint of: J19
11-10 18:10:27 com_github_MitjaNemec_Archive3DModels.archive_3d_models 59:Trying to copy: ${KIPRJMOD}/packages3D/Pin_D1.3mm_L11.3mm_W2.8mm_Flat.wrl
11-10 18:10:27 com_github_MitjaNemec_Archive3DModels.archive_3d_models 139:Remapping: ${KIPRJMOD}/packages3D/Pin_D1.3mm_L11.3mm_W2.8mm_Flat.wrl
11-10 18:10:27 com_github_MitjaNemec_Archive3DModels.archive_3d_models 47:Getting 3D models for footprint of: R15
11-10 18:10:27 com_github_MitjaNemec_Archive3DModels.archive_3d_models 59:Trying to copy: ${KIPRJMOD}/packages3D/R_Axial_DIN0207_L6.3mm_D2.5mm_P10.16mm_Horizontal.wrl
11-10 18:10:27 com_github_MitjaNemec_Archive3DModels.archive_3d_models 139:Remapping: ${KIPRJMOD}/packages3D/R_Axial_DIN0207_L6.3mm_D2.5mm_P10.16mm_Horizontal.wrl
11-10 18:10:27 com_github_MitjaNemec_Archive3DModels.archive_3d_models 47:Getting 3D models for footprint of: Q2
11-10 18:10:27 com_github_MitjaNemec_Archive3DModels.archive_3d_models 59:Trying to copy: ${KIPRJMOD}/packages3D/TO-220-3_Vertical.step
11-10 18:10:27 com_github_MitjaNemec_Archive3DModels.archive_3d_models 139:Remapping: ${KIPRJMOD}/packages3D/TO-220-3_Vertical.step
11-10 18:10:27 com_github_MitjaNemec_Archive3DModels.archive_3d_models 47:Getting 3D models for footprint of: R16
11-10 18:10:27 com_github_MitjaNemec_Archive3DModels.archive_3d_models 59:Trying to copy: ${KIPRJMOD}/packages3D/R_Axial_DIN0207_L6.3mm_D2.5mm_P10.16mm_Horizontal.wrl
11-10 18:10:27 com_github_MitjaNemec_Archive3DModels.archive_3d_models 139:Remapping: ${KIPRJMOD}/packages3D/R_Axial_DIN0207_L6.3mm_D2.5mm_P10.16mm_Horizontal.wrl
11-10 18:10:27 com_github_MitjaNemec_Archive3DModels.archive_3d_models 47:Getting 3D models for footprint of: R3
11-10 18:10:27 com_github_MitjaNemec_Archive3DModels.archive_3d_models 59:Trying to copy: ${KIPRJMOD}/packages3D/R_Axial_DIN0207_L6.3mm_D2.5mm_P10.16mm_Horizontal.wrl
11-10 18:10:27 com_github_MitjaNemec_Archive3DModels.archive_3d_models 139:Remapping: ${KIPRJMOD}/packages3D/R_Axial_DIN0207_L6.3mm_D2.5mm_P10.16mm_Horizontal.wrl
11-10 18:10:27 com_github_MitjaNemec_Archive3DModels.archive_3d_models 47:Getting 3D models for footprint of: U2
11-10 18:10:27 com_github_MitjaNemec_Archive3DModels.archive_3d_models 59:Trying to copy: ${KIPRJMOD}/packages3D/TO-220-3_Vertical.wrl
11-10 18:10:27 com_github_MitjaNemec_Archive3DModels.archive_3d_models 139:Remapping: ${KIPRJMOD}/packages3D/TO-220-3_Vertical.wrl
11-10 18:10:27 com_github_MitjaNemec_Archive3DModels.archive_3d_models 47:Getting 3D models for footprint of: J3
11-10 18:10:27 com_github_MitjaNemec_Archive3DModels.archive_3d_models 59:Trying to copy: ${KIPRJMOD}/packages3D/JST_EH_B2B-EH-A_1x02_P2.50mm_Vertical.wrl
11-10 18:10:27 com_github_MitjaNemec_Archive3DModels.archive_3d_models 139:Remapping: ${KIPRJMOD}/packages3D/JST_EH_B2B-EH-A_1x02_P2.50mm_Vertical.wrl
11-10 18:10:27 com_github_MitjaNemec_Archive3DModels.archive_3d_models 47:Getting 3D models for footprint of: D10
11-10 18:10:27 com_github_MitjaNemec_Archive3DModels.archive_3d_models 59:Trying to copy: ${KIPRJMOD}/packages3D/LED_D5.0mm_Clear.wrl
11-10 18:10:27 com_github_MitjaNemec_Archive3DModels.archive_3d_models 139:Remapping: ${KIPRJMOD}/packages3D/LED_D5.0mm_Clear.wrl
11-10 18:10:27 com_github_MitjaNemec_Archive3DModels.archive_3d_models 47:Getting 3D models for footprint of: Q7
11-10 18:10:27 com_github_MitjaNemec_Archive3DModels.archive_3d_models 59:Trying to copy: ${KIPRJMOD}/packages3D/TO-220-3_Vertical.step
11-10 18:10:27 com_github_MitjaNemec_Archive3DModels.archive_3d_models 139:Remapping: ${KIPRJMOD}/packages3D/TO-220-3_Vertical.step
11-10 18:10:27 com_github_MitjaNemec_Archive3DModels.archive_3d_models 47:Getting 3D models for footprint of: C22
11-10 18:10:27 com_github_MitjaNemec_Archive3DModels.archive_3d_models 59:Trying to copy: ${KIPRJMOD}/packages3D/C_Disc_D4.3mm_W1.9mm_P5.00mm.wrl
11-10 18:10:27 com_github_MitjaNemec_Archive3DModels.archive_3d_models 139:Remapping: ${KIPRJMOD}/packages3D/C_Disc_D4.3mm_W1.9mm_P5.00mm.wrl
11-10 18:10:27 com_github_MitjaNemec_Archive3DModels.archive_3d_models 47:Getting 3D models for footprint of: R2
11-10 18:10:27 com_github_MitjaNemec_Archive3DModels.archive_3d_models 59:Trying to copy: ${KIPRJMOD}/packages3D/R_Axial_DIN0207_L6.3mm_D2.5mm_P10.16mm_Horizontal.wrl
11-10 18:10:27 com_github_MitjaNemec_Archive3DModels.archive_3d_models 139:Remapping: ${KIPRJMOD}/packages3D/R_Axial_DIN0207_L6.3mm_D2.5mm_P10.16mm_Horizontal.wrl
11-10 18:10:27 com_github_MitjaNemec_Archive3DModels.archive_3d_models 47:Getting 3D models for footprint of: J2
11-10 18:10:27 com_github_MitjaNemec_Archive3DModels.archive_3d_models 59:Trying to copy: ${KIPRJMOD}/packages3D/TerminalBlock_MetzConnect_360291_1x01_Horizontal_ScrewM3.0_Boxed.wrl
11-10 18:10:27 com_github_MitjaNemec_Archive3DModels.archive_3d_models 135:Did not copy: ${KIPRJMOD}/packages3D/TerminalBlock_MetzConnect_360291_1x01_Horizontal_ScrewM3.0_Boxed.wrl
11-10 18:10:27 com_github_MitjaNemec_Archive3DModels.archive_3d_models 139:Remapping: ${KIPRJMOD}/packages3D/TerminalBlock_MetzConnect_360291_1x01_Horizontal_ScrewM3.0_Boxed.wrl
11-10 18:10:27 com_github_MitjaNemec_Archive3DModels.archive_3d_models 47:Getting 3D models for footprint of: J9
11-10 18:10:27 com_github_MitjaNemec_Archive3DModels.archive_3d_models 59:Trying to copy: ${KIPRJMOD}/packages3D/JST_EH_B2B-EH-A_1x02_P2.50mm_Vertical.wrl
11-10 18:10:27 com_github_MitjaNemec_Archive3DModels.archive_3d_models 139:Remapping: ${KIPRJMOD}/packages3D/JST_EH_B2B-EH-A_1x02_P2.50mm_Vertical.wrl
11-10 18:10:27 com_github_MitjaNemec_Archive3DModels.archive_3d_models 47:Getting 3D models for footprint of: C6
11-10 18:10:27 com_github_MitjaNemec_Archive3DModels.archive_3d_models 59:Trying to copy: ${KIPRJMOD}/packages3D/CP_Radial_D12.5mm_P5.00mm.wrl
11-10 18:10:27 com_github_MitjaNemec_Archive3DModels.archive_3d_models 139:Remapping: ${KIPRJMOD}/packages3D/CP_Radial_D12.5mm_P5.00mm.wrl
11-10 18:10:27 com_github_MitjaNemec_Archive3DModels.archive_3d_models 47:Getting 3D models for footprint of: C9
11-10 18:10:27 com_github_MitjaNemec_Archive3DModels.archive_3d_models 59:Trying to copy: ${KIPRJMOD}/packages3D/CP_Radial_D12.5mm_P5.00mm.wrl
11-10 18:10:27 com_github_MitjaNemec_Archive3DModels.archive_3d_models 139:Remapping: ${KIPRJMOD}/packages3D/CP_Radial_D12.5mm_P5.00mm.wrl
11-10 18:10:27 com_github_MitjaNemec_Archive3DModels.archive_3d_models 47:Getting 3D models for footprint of: BSR
11-10 18:10:27 com_github_MitjaNemec_Archive3DModels.archive_3d_models 47:Getting 3D models for footprint of: R21
11-10 18:10:27 com_github_MitjaNemec_Archive3DModels.archive_3d_models 59:Trying to copy: ${KIPRJMOD}/packages3D/R_Axial_DIN0207_L6.3mm_D2.5mm_P10.16mm_Horizontal.wrl
11-10 18:10:27 com_github_MitjaNemec_Archive3DModels.archive_3d_models 139:Remapping: ${KIPRJMOD}/packages3D/R_Axial_DIN0207_L6.3mm_D2.5mm_P10.16mm_Horizontal.wrl
11-10 18:10:27 com_github_MitjaNemec_Archive3DModels.archive_3d_models 47:Getting 3D models for footprint of: D4
11-10 18:10:27 com_github_MitjaNemec_Archive3DModels.archive_3d_models 59:Trying to copy: ${KIPRJMOD}/packages3D/D_DO-35_SOD27_P10.16mm_Horizontal.wrl
11-10 18:10:27 com_github_MitjaNemec_Archive3DModels.archive_3d_models 139:Remapping: ${KIPRJMOD}/packages3D/D_DO-35_SOD27_P10.16mm_Horizontal.wrl
11-10 18:10:27 com_github_MitjaNemec_Archive3DModels.archive_3d_models 47:Getting 3D models for footprint of: C18
11-10 18:10:27 com_github_MitjaNemec_Archive3DModels.archive_3d_models 59:Trying to copy: ${KIPRJMOD}/packages3D/C_Rect_L28.0mm_W12.0mm_P22.50mm_MKS4.wrl
11-10 18:10:27 com_github_MitjaNemec_Archive3DModels.archive_3d_models 139:Remapping: ${KIPRJMOD}/packages3D/C_Rect_L28.0mm_W12.0mm_P22.50mm_MKS4.wrl
11-10 18:10:27 com_github_MitjaNemec_Archive3DModels.archive_3d_models 47:Getting 3D models for footprint of: C27
11-10 18:10:27 com_github_MitjaNemec_Archive3DModels.archive_3d_models 59:Trying to copy: ${KIPRJMOD}/packages3D/CP_Radial_D12.5mm_P5.00mm.wrl
11-10 18:10:27 com_github_MitjaNemec_Archive3DModels.archive_3d_models 139:Remapping: ${KIPRJMOD}/packages3D/CP_Radial_D12.5mm_P5.00mm.wrl
11-10 18:10:27 com_github_MitjaNemec_Archive3DModels.archive_3d_models 47:Getting 3D models for footprint of: C8
11-10 18:10:27 com_github_MitjaNemec_Archive3DModels.archive_3d_models 59:Trying to copy: ${KIPRJMOD}/packages3D/CP_Radial_D12.5mm_P5.00mm.wrl
11-10 18:10:27 com_github_MitjaNemec_Archive3DModels.archive_3d_models 139:Remapping: ${KIPRJMOD}/packages3D/CP_Radial_D12.5mm_P5.00mm.wrl
11-10 18:10:27 com_github_MitjaNemec_Archive3DModels.archive_3d_models 47:Getting 3D models for footprint of: C16
11-10 18:10:27 com_github_MitjaNemec_Archive3DModels.archive_3d_models 59:Trying to copy: ${KIPRJMOD}/packages3D/C_Disc_D4.3mm_W1.9mm_P5.00mm.wrl
11-10 18:10:27 com_github_MitjaNemec_Archive3DModels.archive_3d_models 139:Remapping: ${KIPRJMOD}/packages3D/C_Disc_D4.3mm_W1.9mm_P5.00mm.wrl
11-10 18:10:27 com_github_MitjaNemec_Archive3DModels.archive_3d_models 47:Getting 3D models for footprint of: D5
11-10 18:10:27 com_github_MitjaNemec_Archive3DModels.archive_3d_models 59:Trying to copy: ${KIPRJMOD}/packages3D/LED_D5.0mm_Clear.wrl
11-10 18:10:27 com_github_MitjaNemec_Archive3DModels.archive_3d_models 139:Remapping: ${KIPRJMOD}/packages3D/LED_D5.0mm_Clear.wrl
11-10 18:10:27 com_github_MitjaNemec_Archive3DModels.archive_3d_models 47:Getting 3D models for footprint of: J16
11-10 18:10:27 com_github_MitjaNemec_Archive3DModels.archive_3d_models 47:Getting 3D models for footprint of: J10
11-10 18:10:27 com_github_MitjaNemec_Archive3DModels.archive_3d_models 59:Trying to copy: ${KIPRJMOD}/packages3D/JST_EH_B2B-EH-A_1x02_P2.50mm_Vertical.wrl
11-10 18:10:27 com_github_MitjaNemec_Archive3DModels.archive_3d_models 139:Remapping: ${KIPRJMOD}/packages3D/JST_EH_B2B-EH-A_1x02_P2.50mm_Vertical.wrl
11-10 18:10:27 com_github_MitjaNemec_Archive3DModels.archive_3d_models 47:Getting 3D models for footprint of: D7
11-10 18:10:27 com_github_MitjaNemec_Archive3DModels.archive_3d_models 59:Trying to copy: ${KIPRJMOD}/packages3D/D_DO-15_P12.70mm_Horizontal.wrl
11-10 18:10:27 com_github_MitjaNemec_Archive3DModels.archive_3d_models 139:Remapping: ${KIPRJMOD}/packages3D/D_DO-15_P12.70mm_Horizontal.wrl
11-10 18:10:27 com_github_MitjaNemec_Archive3DModels.archive_3d_models 47:Getting 3D models for footprint of: C21
11-10 18:10:27 com_github_MitjaNemec_Archive3DModels.archive_3d_models 59:Trying to copy: ${KIPRJMOD}/packages3D/CP_Radial_D16.0mm_P7.50mm.wrl
11-10 18:10:27 com_github_MitjaNemec_Archive3DModels.archive_3d_models 139:Remapping: ${KIPRJMOD}/packages3D/CP_Radial_D16.0mm_P7.50mm.wrl
11-10 18:10:27 com_github_MitjaNemec_Archive3DModels.archive_3d_models 47:Getting 3D models for footprint of: D17
11-10 18:10:27 com_github_MitjaNemec_Archive3DModels.archive_3d_models 59:Trying to copy: ${KIPRJMOD}/packages3D/D_DO-35_SOD27_P10.16mm_Horizontal.wrl
11-10 18:10:27 com_github_MitjaNemec_Archive3DModels.archive_3d_models 139:Remapping: ${KIPRJMOD}/packages3D/D_DO-35_SOD27_P10.16mm_Horizontal.wrl
11-10 18:10:27 com_github_MitjaNemec_Archive3DModels.archive_3d_models 47:Getting 3D models for footprint of: L2
11-10 18:10:27 com_github_MitjaNemec_Archive3DModels.archive_3d_models 59:Trying to copy: ${KIPRJMOD}/packages3D/L_Toroid_Vertical_L14.0mm_W6.3mm_P4.57mm_Pulse_A.wrl
11-10 18:10:27 com_github_MitjaNemec_Archive3DModels.archive_3d_models 135:Did not copy: ${KIPRJMOD}/packages3D/L_Toroid_Vertical_L14.0mm_W6.3mm_P4.57mm_Pulse_A.wrl
11-10 18:10:27 com_github_MitjaNemec_Archive3DModels.archive_3d_models 139:Remapping: ${KIPRJMOD}/packages3D/L_Toroid_Vertical_L14.0mm_W6.3mm_P4.57mm_Pulse_A.wrl
11-10 18:10:27 com_github_MitjaNemec_Archive3DModels.archive_3d_models 47:Getting 3D models for footprint of: C17
11-10 18:10:27 com_github_MitjaNemec_Archive3DModels.archive_3d_models 59:Trying to copy: ${KIPRJMOD}/packages3D/C_Rect_L28.0mm_W12.0mm_P22.50mm_MKS4.wrl
11-10 18:10:27 com_github_MitjaNemec_Archive3DModels.archive_3d_models 139:Remapping: ${KIPRJMOD}/packages3D/C_Rect_L28.0mm_W12.0mm_P22.50mm_MKS4.wrl
11-10 18:10:27 com_github_MitjaNemec_Archive3DModels.archive_3d_models 47:Getting 3D models for footprint of: R25
11-10 18:10:27 com_github_MitjaNemec_Archive3DModels.archive_3d_models 59:Trying to copy: ${KIPRJMOD}/packages3D/R_Axial_DIN0207_L6.3mm_D2.5mm_P10.16mm_Horizontal.wrl
11-10 18:10:27 com_github_MitjaNemec_Archive3DModels.archive_3d_models 139:Remapping: ${KIPRJMOD}/packages3D/R_Axial_DIN0207_L6.3mm_D2.5mm_P10.16mm_Horizontal.wrl
11-10 18:10:27 com_github_MitjaNemec_Archive3DModels.archive_3d_models 47:Getting 3D models for footprint of: R10
11-10 18:10:27 com_github_MitjaNemec_Archive3DModels.archive_3d_models 59:Trying to copy: ${KIPRJMOD}/packages3D/R_Axial_DIN0207_L6.3mm_D2.5mm_P10.16mm_Horizontal.wrl
11-10 18:10:27 com_github_MitjaNemec_Archive3DModels.archive_3d_models 139:Remapping: ${KIPRJMOD}/packages3D/R_Axial_DIN0207_L6.3mm_D2.5mm_P10.16mm_Horizontal.wrl
11-10 18:10:27 com_github_MitjaNemec_Archive3DModels.archive_3d_models 47:Getting 3D models for footprint of: J11
11-10 18:10:27 com_github_MitjaNemec_Archive3DModels.archive_3d_models 59:Trying to copy: ${KIPRJMOD}/packages3D/JST_EH_B2B-EH-A_1x02_P2.50mm_Vertical.wrl
11-10 18:10:27 com_github_MitjaNemec_Archive3DModels.archive_3d_models 139:Remapping: ${KIPRJMOD}/packages3D/JST_EH_B2B-EH-A_1x02_P2.50mm_Vertical.wrl
11-10 18:10:27 com_github_MitjaNemec_Archive3DModels.archive_3d_models 47:Getting 3D models for footprint of: Q5
11-10 18:10:27 com_github_MitjaNemec_Archive3DModels.archive_3d_models 59:Trying to copy: ${KIPRJMOD}/packages3D/TO-220-3_Vertical.step
11-10 18:10:27 com_github_MitjaNemec_Archive3DModels.archive_3d_models 139:Remapping: ${KIPRJMOD}/packages3D/TO-220-3_Vertical.step
11-10 18:10:27 com_github_MitjaNemec_Archive3DModels.archive_3d_models 47:Getting 3D models for footprint of: C26
11-10 18:10:27 com_github_MitjaNemec_Archive3DModels.archive_3d_models 59:Trying to copy: ${KIPRJMOD}/packages3D/CP_Radial_D8.0mm_P3.50mm.wrl
11-10 18:10:27 com_github_MitjaNemec_Archive3DModels.archive_3d_models 139:Remapping: ${KIPRJMOD}/packages3D/CP_Radial_D8.0mm_P3.50mm.wrl
11-10 18:10:27 com_github_MitjaNemec_Archive3DModels.archive_3d_models 47:Getting 3D models for footprint of: R14
11-10 18:10:27 com_github_MitjaNemec_Archive3DModels.archive_3d_models 59:Trying to copy: ${KIPRJMOD}/packages3D/R_Axial_DIN0309_L9.0mm_D3.2mm_P15.24mm_Horizontal.wrl
11-10 18:10:27 com_github_MitjaNemec_Archive3DModels.archive_3d_models 139:Remapping: ${KIPRJMOD}/packages3D/R_Axial_DIN0309_L9.0mm_D3.2mm_P15.24mm_Horizontal.wrl
11-10 18:10:27 com_github_MitjaNemec_Archive3DModels.archive_3d_models 47:Getting 3D models for footprint of: R9
11-10 18:10:27 com_github_MitjaNemec_Archive3DModels.archive_3d_models 59:Trying to copy: ${KIPRJMOD}/packages3D/R_Axial_DIN0207_L6.3mm_D2.5mm_P10.16mm_Horizontal.wrl
11-10 18:10:27 com_github_MitjaNemec_Archive3DModels.archive_3d_models 139:Remapping: ${KIPRJMOD}/packages3D/R_Axial_DIN0207_L6.3mm_D2.5mm_P10.16mm_Horizontal.wrl
11-10 18:10:27 com_github_MitjaNemec_Archive3DModels.archive_3d_models 47:Getting 3D models for footprint of: D8
11-10 18:10:27 com_github_MitjaNemec_Archive3DModels.archive_3d_models 59:Trying to copy: ${KIPRJMOD}/packages3D/D_DO-15_P12.70mm_Horizontal.wrl
11-10 18:10:27 com_github_MitjaNemec_Archive3DModels.archive_3d_models 139:Remapping: ${KIPRJMOD}/packages3D/D_DO-15_P12.70mm_Horizontal.wrl
11-10 18:10:27 com_github_MitjaNemec_Archive3DModels.archive_3d_models 47:Getting 3D models for footprint of: Q1
11-10 18:10:27 com_github_MitjaNemec_Archive3DModels.archive_3d_models 59:Trying to copy: ${KIPRJMOD}/packages3D/TO-220-3_Vertical.step
11-10 18:10:27 com_github_MitjaNemec_Archive3DModels.archive_3d_models 139:Remapping: ${KIPRJMOD}/packages3D/TO-220-3_Vertical.step
11-10 18:10:27 com_github_MitjaNemec_Archive3DModels.archive_3d_models 153:Did not succeed to copy 3D models!
('J1', '${KIPRJMOD}\\packages3D\\TerminalBlock_MetzConnect_360291_1x01_Horizontal_ScrewM3.0_Boxed.wrl')
('J2', '${KIPRJMOD}\\packages3D\\TerminalBlock_MetzConnect_360291_1x01_Horizontal_ScrewM3.0_Boxed.wrl')
('L2', '${KIPRJMOD}\\packages3D\\L_Toroid_Vertical_L14.0mm_W6.3mm_P4.57mm_Pulse_A.wrl')
